Downloading/unpacking Cython>=0.19.2 (from -r requirements.txt (line 1))
  Running setup.py egg_info for package Cython
    
    warning: no files found matching '*.pyx' under directory 'Cython/Debugger/Tests'
    warning: no files found matching '*.pxd' under directory 'Cython/Debugger/Tests'
    warning: no files found matching '*.h' under directory 'Cython/Debugger/Tests'
    warning: no files found matching '*.pxd' under directory 'Cython/Utility'
Requirement already satisfied (use --upgrade to upgrade): h5py>=2.2.0 in /homes/ad6813/.local/lib/python2.7/site-packages (from -r requirements.txt (line 2))
Downloading/unpacking ipython>=1.1.0 (from -r requirements.txt (line 3))
  Running setup.py egg_info for package ipython
    
Requirement already satisfied (use --upgrade to upgrade): leveldb>=0.191 in /homes/ad6813/.local/lib/python2.7/site-packages (from -r requirements.txt (line 4))
Downloading/unpacking matplotlib>=1.3.1 (from -r requirements.txt (line 5))
  Running setup.py egg_info for package matplotlib
    ============================================================================
    Edit setup.cfg to change the build options
    
    BUILDING MATPLOTLIB
                matplotlib: yes [1.3.1]
                    python: yes [2.7.4 (default, Sep 26 2013, 03:20:26)  [GCC
                            4.7.3]]
                  platform: yes [linux2]
    
    REQUIRED DEPENDENCIES AND EXTENSIONS
                     numpy: yes [version 1.7.1]
                  dateutil: yes [using dateutil version 1.5]
                   tornado: yes [tornado was not found. It is required for the
                            WebAgg backend. pip/easy_install may attempt to
                            install it after matplotlib.]
                 pyparsing: yes [Your pyparsing contains a bug that will be
                            monkey-patched by matplotlib.  For best results,
                            upgrade to pyparsing 2.0.1 or later.]
                     pycxx: yes [Couldn't import.  Using local copy.]
                    libagg: yes [pkg-config information for 'libagg' could not
                            be found. Using local copy.]
                  freetype: yes [version 16.0.10]
                       png: yes [version 1.2.49]
    
    OPTIONAL SUBPACKAGES
               sample_data: yes [installing]
                  toolkits: yes [installing]
                     tests: yes [nose 0.11.1 or later is required to run the
                            matplotlib test suite]
    
    OPTIONAL BACKEND EXTENSIONS
                    macosx: no  [Mac OS-X only]
                    qt4agg: yes [installing, Qt: 4.8.4, PyQt4: 4.10]
    No protocol specified
    
    ** (-c:20845): WARNING **: Could not open X display
                   gtk3agg: yes [installing, version 3.4.6]
    No protocol specified
    
    ** (-c:20856): WARNING **: Could not open X display
    /usr/lib/python2.7/dist-packages/gtk-2.0/gtk/__init__.py:57: GtkWarning: could not open display
      warnings.warn(str(e), _gtk.Warning)
                 gtk3cairo: yes [installing, version 3.4.6]
                    gtkagg: yes [installing, Gtk: 2.24.17 pygtk: 2.24.0]
                     tkagg: yes [installing, version 81008]
                     wxagg: yes [installing, version 2.8.12.1]
                       gtk: yes [installing, Gtk: 2.24.17 pygtk: 2.24.0]
                       agg: yes [installing]
                     cairo: yes [installing, version 1.8.8]
                 windowing: no  [Microsoft Windows only]
    
    OPTIONAL LATEX DEPENDENCIES
                    dvipng: yes [version 1.14]
               ghostscript: yes [version 9.07]
                     latex: yes [version 3.1415926]
                   pdftops: yes [version 0.20.5]
    
    
Requirement already satisfied (use --upgrade to upgrade): networkx>=1.8.1 in /homes/ad6813/.local/lib/python2.7/site-packages (from -r requirements.txt (line 6))
Downloading/unpacking nose>=1.3.0 (from -r requirements.txt (line 7))
  Running setup.py egg_info for package nose
    
    no previously-included directories found matching 'doc/.build'
Requirement already satisfied (use --upgrade to upgrade): numpy>=1.7.1 in /usr/lib/python2.7/dist-packages (from -r requirements.txt (line 8))
Downloading/unpacking pandas>=0.12.0 (from -r requirements.txt (line 9))
  Running setup.py egg_info for package pandas
    
    warning: no files found matching 'README.rst'
    no previously-included directories found matching 'doc/build'
    warning: no previously-included files matching '*.so' found anywhere in distribution
    warning: no previously-included files matching '*.pyd' found anywhere in distribution
    warning: no previously-included files matching '*.pyc' found anywhere in distribution
    warning: no previously-included files matching '.git*' found anywhere in distribution
    warning: no previously-included files matching '.DS_Store' found anywhere in distribution
    warning: no previously-included files matching '*.png' found anywhere in distribution
Downloading/unpacking protobuf>=2.5.0 (from -r requirements.txt (line 10))
  Running setup.py egg_info for package protobuf
    
Requirement already satisfied (use --upgrade to upgrade): python-gflags>=2.0 in /homes/ad6813/.local/lib/python2.7/site-packages (from -r requirements.txt (line 11))
Downloading/unpacking scikit-image>=0.9.3 (from -r requirements.txt (line 12))
  Running setup.py egg_info for package scikit-image
    Traceback (most recent call last):
      File "<string>", line 16, in <module>
      File "/tmp/pip-build-ad6813/scikit-image/setup.py", line 110, in <module>
        check_requirements()
      File "/tmp/pip-build-ad6813/scikit-image/setup.py", line 105, in check_requirements
        % ((package_name, ) + min_version))
    ImportError: You need `six` version 1.3 or later.
    Complete output from command python setup.py egg_info:
    Traceback (most recent call last):

  File "<string>", line 16, in <module>

  File "/tmp/pip-build-ad6813/scikit-image/setup.py", line 110, in <module>

    check_requirements()

  File "/tmp/pip-build-ad6813/scikit-image/setup.py", line 105, in check_requirements

    % ((package_name, ) + min_version))

ImportError: You need `six` version 1.3 or later.

----------------------------------------
Command python setup.py egg_info failed with error code 1 in /tmp/pip-build-ad6813/scikit-image
Storing complete log in /homes/ad6813/.pip/pip.log
